<?xml version="1.0" encoding="UTF-8"?>
<testsuite name="domain.CustomerTest" tests="1" skipped="0" failures="0" errors="0" timestamp="2020-11-16T10:21:10" hostname="NB-EMADM" time="0.004">
  <properties/>
  <testcase name="testRegisterCustomer" classname="domain.CustomerTest" time="0.004"/>
  <system-out><![CDATA[]]></system-out>
  <system-err><![CDATA[]]></system-err>
</testsuite>
